[[[146.436 Timestamp('2018-07-01 00:00:00') 147.988 146.106 147.358
   146.30845000000002]
  [144.998 Timestamp('2018-07-02 00:00:00') 147.988 144.395 146.4975
   146.30845000000002]
  [145.3675 Timestamp('2018-07-03 00:00:00') 147.988 144.395 147.127
   146.2863]
  ...
  [146.3865 Timestamp('2018-07-28 00:00:00') 149.0905 145.4745 148.6405
   146.8521]
  [145.815 Timestamp('2018-07-29 00:00:00') 148.237 145.4745 147.9915
   146.8521]
  [145.51 Timestamp('2018-07-30 00:00:00') 147.6645 145.2775 147.272
   146.8521]]

 [[146.436 Timestamp('2018-06-30 00:00:00') 147.988 146.106 147.358
   146.30845000000002]
  [144.998 Timestamp('2018-07-01 00:00:00') 147.988 144.395 146.4975
   146.30845000000002]
  [145.3675 Timestamp('2018-07-02 00:00:00') 147.988 144.395 147.127
   146.30845000000002]
  ...
  [146.3865 Timestamp('2018-07-27 00:00:00') 149.0905 145.4745 148.6405
   146.88665]
  [145.815 Timestamp('2018-07-28 00:00:00') 148.237 145.4745 147.9915
   146.8521]
  [145.51 Timestamp('2018-07-29 00:00:00') 147.6645 145.2775 147.272
   146.8521]]

 [[146.436 Timestamp('2018-06-29 00:00:00') 147.988 146.106 147.358
   146.30825]
  [144.998 Timestamp('2018-06-30 00:00:00') 147.988 144.395 146.4975
   146.30845000000002]
  [145.3675 Timestamp('2018-07-01 00:00:00') 147.988 144.395 147.127
   146.30845000000002]
  ...
  [146.3865 Timestamp('2018-07-26 00:00:00') 149.0905 145.4745 148.6405
   146.821175]
  [145.815 Timestamp('2018-07-27 00:00:00') 148.237 145.4745 147.9915
   146.88665]
  [145.51 Timestamp('2018-07-28 00:00:00') 147.6645 145.2775 147.272
   146.8521]]

 ...

 [[147.25 Timestamp('2018-06-24 00:00:00') 148.115 144.2525 144.334
   146.245525]
  [147.585 Timestamp('2018-06-25 00:00:00') 148.115 145.8505 146.0095
   146.245525]
  [147.6005 Timestamp('2018-06-26 00:00:00') 148.115 145.8505 146.354
   146.25209999999998]
  ...
  [147.476 Timestamp('2018-07-21 00:00:00') 149.3135 146.405 146.4695
   146.692675]
  [146.372 Timestamp('2018-07-22 00:00:00') 149.3135 146.1735 147.6495
   146.692675]
  [146.352 Timestamp('2018-07-23 00:00:00') 149.3135 145.987 147.8995
   146.692675]]

 [[147.25 Timestamp('2018-06-23 00:00:00') 148.115 144.2525 144.334
   146.245525]
  [147.585 Timestamp('2018-06-24 00:00:00') 148.115 145.8505 146.0095
   146.245525]
  [147.6005 Timestamp('2018-06-25 00:00:00') 148.115 145.8505 146.354
   146.245525]
  ...
  [147.476 Timestamp('2018-07-20 00:00:00') 149.3135 146.405 146.4695
   146.669475]
  [146.372 Timestamp('2018-07-21 00:00:00') 149.3135 146.1735 147.6495
   146.692675]
  [146.352 Timestamp('2018-07-22 00:00:00') 149.3135 145.987 147.8995
   146.692675]]

 [[147.25 Timestamp('2018-06-22 00:00:00') 148.115 144.2525 144.334
   146.22412500000002]
  [147.585 Timestamp('2018-06-23 00:00:00') 148.115 145.8505 146.0095
   146.245525]
  [147.6005 Timestamp('2018-06-24 00:00:00') 148.115 145.8505 146.354
   146.245525]
  ...
  [147.476 Timestamp('2018-07-19 00:00:00') 149.3135 146.405 146.4695
   146.6316]
  [146.372 Timestamp('2018-07-20 00:00:00') 149.3135 146.1735 147.6495
   146.669475]
  [146.352 Timestamp('2018-07-21 00:00:00') 149.3135 145.987 147.8995
   146.692675]]]
[145.8655 145.51   145.51   145.51   145.815  146.3865 146.166  145.8825
 146.352  146.352 ]
[[[0.46057497 0.53021442 0.88583429 0.68226748 0.29373683]
  [0.1174997  0.53021442 0.2325315  0.47731333 0.29373683]
  [0.2056543  0.53021442 0.2325315  0.62724783 0.26668092]
  ...
  [0.44876536 0.92096403 0.64471172 0.98773371 0.95779766]
  [0.31241799 0.61846536 0.64471172 0.8331547  0.95779766]
  [0.23965168 0.4155591  0.56949217 0.66178397 0.95779766]]

 [[0.46057497 0.53021442 0.88583429 0.68226748 0.29373683]
  [0.1174997  0.53021442 0.2325315  0.47731333 0.29373683]
  [0.2056543  0.53021442 0.2325315  0.62724783 0.29373683]
  ...
  [0.44876536 0.92096403 0.64471172 0.98773371 1.        ]
  [0.31241799 0.61846536 0.64471172 0.8331547  0.95779766]
  [0.23965168 0.4155591  0.56949217 0.66178397 0.95779766]]

 [[0.46057497 0.53021442 0.88583429 0.68226748 0.29349253]
  [0.1174997  0.53021442 0.2325315  0.47731333 0.29373683]
  [0.2056543  0.53021442 0.2325315  0.62724783 0.29373683]
  ...
  [0.44876536 0.92096403 0.64471172 0.98773371 0.92002321]
  [0.31241799 0.61846536 0.64471172 0.8331547  1.        ]
  [0.23965168 0.4155591  0.56949217 0.66178397 0.95779766]]

 ...

 [[0.65477753 0.57522594 0.17812142 0.         0.28421642]
  [0.73470118 0.57522594 0.78827797 0.46992007 0.28421642]
  [0.73839914 0.57522594 0.78827797 0.56654046 0.29474148]
  ...
  [0.70869617 1.         1.         0.59893423 1.        ]
  [0.44530598 1.         0.91160748 0.92988361 1.        ]
  [0.44053441 1.         0.8403971  1.         1.        ]]

 [[0.65477753 0.57522594 0.17812142 0.         0.28421642]
  [0.73470118 0.57522594 0.78827797 0.46992007 0.28421642]
  [0.73839914 0.57522594 0.78827797 0.56654046 0.28421642]
  ...
  [0.70869617 1.         1.         0.59893423 0.96286217]
  [0.44530598 1.         0.91160748 0.92988361 1.        ]
  [0.44053441 1.         0.8403971  1.         1.        ]]

 [[0.65477753 0.57522594 0.17812142 0.         0.24995998]
  [0.73470118 0.57522594 0.78827797 0.46992007 0.28421642]
  [0.73839914 0.57522594 0.78827797 0.56654046 0.28421642]
  ...
  [0.70869617 1.         1.         0.59893423 0.90223307]
  [0.44530598 1.         0.91160748 0.92988361 0.96286217]
  [0.44053441 1.         0.8403971  1.         1.        ]]]
(10, 30, 6)
(10,)
(10, 30, 5)
