<class 'pandas.core.frame.DataFrame'>
<class 'pandas.core.frame.DataFrame'>
[[Timestamp('2018-07-27 00:00:00') 149.3135 145.4745 148.5505 146.166
  146.88665]
 [Timestamp('2018-07-28 00:00:00') 149.0905 145.4745 148.6405 146.3865
  146.8521]
 [Timestamp('2018-07-29 00:00:00') 148.237 145.4745 147.9915 145.815
  146.8521]
 [Timestamp('2018-07-30 00:00:00') 147.6645 145.2775 147.272 145.51
  146.8521]
 [Timestamp('2018-07-31 00:00:00') 146.875 145.2775 146.7795 145.8655
  146.85817500000002]]
<class 'pandas.core.frame.DataFrame'>
<class 'pandas.core.frame.DataFrame'>
[[Timestamp('2018-07-26 00:00:00') 149.3135 145.683 148.692 145.8825
  146.821175]
 [Timestamp('2018-07-27 00:00:00') 149.3135 145.4745 148.5505 146.166
  146.88665]
 [Timestamp('2018-07-28 00:00:00') 149.0905 145.4745 148.6405 146.3865
  146.8521]
 [Timestamp('2018-07-29 00:00:00') 148.237 145.4745 147.9915 145.815
  146.8521]
 [Timestamp('2018-07-30 00:00:00') 147.6645 145.2775 147.272 145.51
  146.8521]]
<class 'pandas.core.frame.DataFrame'>
<class 'pandas.core.frame.DataFrame'>
[[Timestamp('2018-07-25 00:00:00') 149.3135 145.683 148.692 145.8825
  146.73160000000004]
 [Timestamp('2018-07-26 00:00:00') 149.3135 145.4745 148.5505 146.166
  146.821175]
 [Timestamp('2018-07-27 00:00:00') 149.0905 145.4745 148.6405 146.3865
  146.88665]
 [Timestamp('2018-07-28 00:00:00') 148.237 145.4745 147.9915 145.815
  146.8521]
 [Timestamp('2018-07-29 00:00:00') 147.6645 145.2775 147.272 145.51
  146.8521]]
<class 'pandas.core.frame.DataFrame'>
<class 'pandas.core.frame.DataFrame'>
[[Timestamp('2018-07-24 00:00:00') 149.3135 145.683 148.692 145.8825
  146.69795000000002]
 [Timestamp('2018-07-25 00:00:00') 149.3135 145.4745 148.5505 146.166
  146.73160000000004]
 [Timestamp('2018-07-26 00:00:00') 149.0905 145.4745 148.6405 146.3865
  146.821175]
 [Timestamp('2018-07-27 00:00:00') 148.237 145.4745 147.9915 145.815
  146.88665]
 [Timestamp('2018-07-28 00:00:00') 147.6645 145.2775 147.272 145.51
  146.8521]]
<class 'pandas.core.frame.DataFrame'>
<class 'pandas.core.frame.DataFrame'>
[[Timestamp('2018-07-23 00:00:00') 149.3135 145.987 147.8995 146.352
  146.692675]
 [Timestamp('2018-07-24 00:00:00') 149.3135 145.683 148.692 145.8825
  146.69795000000002]
 [Timestamp('2018-07-25 00:00:00') 149.3135 145.4745 148.5505 146.166
  146.73160000000004]
 [Timestamp('2018-07-26 00:00:00') 149.0905 145.4745 148.6405 146.3865
  146.821175]
 [Timestamp('2018-07-27 00:00:00') 148.237 145.4745 147.9915 145.815
  146.88665]]
<class 'pandas.core.frame.DataFrame'>
<class 'pandas.core.frame.DataFrame'>
[[Timestamp('2018-07-22 00:00:00') 149.3135 146.1735 147.6495 146.372
  146.692675]
 [Timestamp('2018-07-23 00:00:00') 149.3135 145.987 147.8995 146.352
  146.692675]
 [Timestamp('2018-07-24 00:00:00') 149.3135 145.683 148.692 145.8825
  146.69795000000002]
 [Timestamp('2018-07-25 00:00:00') 149.3135 145.4745 148.5505 146.166
  146.73160000000004]
 [Timestamp('2018-07-26 00:00:00') 149.0905 145.4745 148.6405 146.3865
  146.821175]]
<class 'pandas.core.frame.DataFrame'>
<class 'pandas.core.frame.DataFrame'>
[[Timestamp('2018-07-21 00:00:00') 149.3135 146.405 146.4695 147.476
  146.692675]
 [Timestamp('2018-07-22 00:00:00') 149.3135 146.1735 147.6495 146.372
  146.692675]
 [Timestamp('2018-07-23 00:00:00') 149.3135 145.987 147.8995 146.352
  146.692675]
 [Timestamp('2018-07-24 00:00:00') 149.3135 145.683 148.692 145.8825
  146.69795000000002]
 [Timestamp('2018-07-25 00:00:00') 149.3135 145.4745 148.5505 146.166
  146.73160000000004]]
<class 'pandas.core.frame.DataFrame'>
<class 'pandas.core.frame.DataFrame'>
[[Timestamp('2018-07-20 00:00:00') 149.3135 146.141 146.5845 148.0435
  146.669475]
 [Timestamp('2018-07-21 00:00:00') 149.3135 146.405 146.4695 147.476
  146.692675]
 [Timestamp('2018-07-22 00:00:00') 149.3135 146.1735 147.6495 146.372
  146.692675]
 [Timestamp('2018-07-23 00:00:00') 149.3135 145.987 147.8995 146.352
  146.692675]
 [Timestamp('2018-07-24 00:00:00') 149.3135 145.683 148.692 145.8825
  146.69795000000002]]
<class 'pandas.core.frame.DataFrame'>
<class 'pandas.core.frame.DataFrame'>
[[Timestamp('2018-07-19 00:00:00') 149.3135 146.072 146.267 148.6145
  146.6316]
 [Timestamp('2018-07-20 00:00:00') 149.3135 146.141 146.5845 148.0435
  146.669475]
 [Timestamp('2018-07-21 00:00:00') 149.3135 146.405 146.4695 147.476
  146.692675]
 [Timestamp('2018-07-22 00:00:00') 149.3135 146.1735 147.6495 146.372
  146.692675]
 [Timestamp('2018-07-23 00:00:00') 149.3135 145.987 147.8995 146.352
  146.692675]]
<class 'pandas.core.frame.DataFrame'>
<class 'pandas.core.frame.DataFrame'>
[[Timestamp('2018-07-18 00:00:00') 149.3135 146.072 146.267 148.6145
  146.52617500000002]
 [Timestamp('2018-07-19 00:00:00') 149.3135 146.141 146.5845 148.0435
  146.6316]
 [Timestamp('2018-07-20 00:00:00') 149.3135 146.405 146.4695 147.476
  146.669475]
 [Timestamp('2018-07-21 00:00:00') 149.3135 146.1735 147.6495 146.372
  146.692675]
 [Timestamp('2018-07-22 00:00:00') 149.3135 145.987 147.8995 146.352
  146.692675]]
[[[Timestamp('2018-07-27 00:00:00') 149.3135 145.4745 148.5505 146.166
   146.88665]
  [Timestamp('2018-07-28 00:00:00') 149.0905 145.4745 148.6405 146.3865
   146.8521]
  [Timestamp('2018-07-29 00:00:00') 148.237 145.4745 147.9915 145.815
   146.8521]
  [Timestamp('2018-07-30 00:00:00') 147.6645 145.2775 147.272 145.51
   146.8521]
  [Timestamp('2018-07-31 00:00:00') 146.875 145.2775 146.7795 145.8655
   146.85817500000002]]

 [[Timestamp('2018-07-26 00:00:00') 149.3135 145.683 148.692 145.8825
   146.821175]
  [Timestamp('2018-07-27 00:00:00') 149.3135 145.4745 148.5505 146.166
   146.88665]
  [Timestamp('2018-07-28 00:00:00') 149.0905 145.4745 148.6405 146.3865
   146.8521]
  [Timestamp('2018-07-29 00:00:00') 148.237 145.4745 147.9915 145.815
   146.8521]
  [Timestamp('2018-07-30 00:00:00') 147.6645 145.2775 147.272 145.51
   146.8521]]

 [[Timestamp('2018-07-25 00:00:00') 149.3135 145.683 148.692 145.8825
   146.73160000000004]
  [Timestamp('2018-07-26 00:00:00') 149.3135 145.4745 148.5505 146.166
   146.821175]
  [Timestamp('2018-07-27 00:00:00') 149.0905 145.4745 148.6405 146.3865
   146.88665]
  [Timestamp('2018-07-28 00:00:00') 148.237 145.4745 147.9915 145.815
   146.8521]
  [Timestamp('2018-07-29 00:00:00') 147.6645 145.2775 147.272 145.51
   146.8521]]

 [[Timestamp('2018-07-24 00:00:00') 149.3135 145.683 148.692 145.8825
   146.69795000000002]
  [Timestamp('2018-07-25 00:00:00') 149.3135 145.4745 148.5505 146.166
   146.73160000000004]
  [Timestamp('2018-07-26 00:00:00') 149.0905 145.4745 148.6405 146.3865
   146.821175]
  [Timestamp('2018-07-27 00:00:00') 148.237 145.4745 147.9915 145.815
   146.88665]
  [Timestamp('2018-07-28 00:00:00') 147.6645 145.2775 147.272 145.51
   146.8521]]

 [[Timestamp('2018-07-23 00:00:00') 149.3135 145.987 147.8995 146.352
   146.692675]
  [Timestamp('2018-07-24 00:00:00') 149.3135 145.683 148.692 145.8825
   146.69795000000002]
  [Timestamp('2018-07-25 00:00:00') 149.3135 145.4745 148.5505 146.166
   146.73160000000004]
  [Timestamp('2018-07-26 00:00:00') 149.0905 145.4745 148.6405 146.3865
   146.821175]
  [Timestamp('2018-07-27 00:00:00') 148.237 145.4745 147.9915 145.815
   146.88665]]

 [[Timestamp('2018-07-22 00:00:00') 149.3135 146.1735 147.6495 146.372
   146.692675]
  [Timestamp('2018-07-23 00:00:00') 149.3135 145.987 147.8995 146.352
   146.692675]
  [Timestamp('2018-07-24 00:00:00') 149.3135 145.683 148.692 145.8825
   146.69795000000002]
  [Timestamp('2018-07-25 00:00:00') 149.3135 145.4745 148.5505 146.166
   146.73160000000004]
  [Timestamp('2018-07-26 00:00:00') 149.0905 145.4745 148.6405 146.3865
   146.821175]]

 [[Timestamp('2018-07-21 00:00:00') 149.3135 146.405 146.4695 147.476
   146.692675]
  [Timestamp('2018-07-22 00:00:00') 149.3135 146.1735 147.6495 146.372
   146.692675]
  [Timestamp('2018-07-23 00:00:00') 149.3135 145.987 147.8995 146.352
   146.692675]
  [Timestamp('2018-07-24 00:00:00') 149.3135 145.683 148.692 145.8825
   146.69795000000002]
  [Timestamp('2018-07-25 00:00:00') 149.3135 145.4745 148.5505 146.166
   146.73160000000004]]

 [[Timestamp('2018-07-20 00:00:00') 149.3135 146.141 146.5845 148.0435
   146.669475]
  [Timestamp('2018-07-21 00:00:00') 149.3135 146.405 146.4695 147.476
   146.692675]
  [Timestamp('2018-07-22 00:00:00') 149.3135 146.1735 147.6495 146.372
   146.692675]
  [Timestamp('2018-07-23 00:00:00') 149.3135 145.987 147.8995 146.352
   146.692675]
  [Timestamp('2018-07-24 00:00:00') 149.3135 145.683 148.692 145.8825
   146.69795000000002]]

 [[Timestamp('2018-07-19 00:00:00') 149.3135 146.072 146.267 148.6145
   146.6316]
  [Timestamp('2018-07-20 00:00:00') 149.3135 146.141 146.5845 148.0435
   146.669475]
  [Timestamp('2018-07-21 00:00:00') 149.3135 146.405 146.4695 147.476
   146.692675]
  [Timestamp('2018-07-22 00:00:00') 149.3135 146.1735 147.6495 146.372
   146.692675]
  [Timestamp('2018-07-23 00:00:00') 149.3135 145.987 147.8995 146.352
   146.692675]]

 [[Timestamp('2018-07-18 00:00:00') 149.3135 146.072 146.267 148.6145
   146.52617500000002]
  [Timestamp('2018-07-19 00:00:00') 149.3135 146.141 146.5845 148.0435
   146.6316]
  [Timestamp('2018-07-20 00:00:00') 149.3135 146.405 146.4695 147.476
   146.669475]
  [Timestamp('2018-07-21 00:00:00') 149.3135 146.1735 147.6495 146.372
   146.692675]
  [Timestamp('2018-07-22 00:00:00') 149.3135 145.987 147.8995 146.352
   146.692675]]]
[[[1.         1.         0.9516389  0.74843126 1.        ]
  [0.90855034 1.         1.         1.         0.        ]
  [0.55854009 1.         0.65126276 0.3479749  0.        ]
  [0.32376461 0.         0.26464267 0.         0.        ]
  [0.         0.         0.         0.40559042 0.17583213]]

 [[1.         1.         1.         0.42498574 0.        ]
  [1.         0.48581998 0.90035211 0.74843126 1.        ]
  [0.86476653 0.48581998 0.96373239 1.         0.47231768]
  [0.34718011 0.48581998 0.50669014 0.3479749  0.47231768]
  [0.         0.         0.         0.         0.47231768]]

 [[1.         1.         1.         0.42498574 0.        ]
  [1.         0.48581998 0.90035211 0.74843126 0.57771687]
  [0.86476653 0.48581998 0.96373239 1.         1.        ]
  [0.34718011 0.48581998 0.50669014 0.3479749  0.77716866]
  [0.         0.         0.         0.         0.77716866]]

 [[1.         1.         1.         0.42498574 0.        ]
  [1.         0.48581998 0.90035211 0.74843126 0.17832538]
  [0.86476653 0.48581998 0.96373239 1.         0.65302067]
  [0.34718011 0.48581998 0.50669014 0.3479749  1.        ]
  [0.         0.         0.         0.         0.81690514]]

 [[1.         1.         0.         0.93963255 0.        ]
  [1.         0.40682927 1.         0.11811024 0.02719423]
  [1.         0.         0.8214511  0.61417323 0.20067019]
  [0.79284719 0.         0.93501577 1.         0.6624565 ]
  [0.         0.         0.11608833 0.         1.        ]]

 [[1.         1.         0.         0.97123016 0.        ]
  [1.         0.73319027 0.23980815 0.93154762 0.        ]
  [1.         0.29828326 1.         0.         0.04105058]
  [1.         0.         0.86426859 0.5625     0.30291829]
  [0.         0.         0.95059952 1.         1.        ]]

 [[0.         1.         0.         1.         0.        ]
  [0.         0.75120903 0.53093363 0.30718544 0.        ]
  [0.         0.55077915 0.64341957 0.29463445 0.        ]
  [0.         0.22407308 1.         0.         0.13551702]
  [0.         0.         0.93633296 0.17791026 1.        ]]

 [[0.         0.63434903 0.05174353 1.         0.        ]
  [0.         1.         0.         0.7373901  0.81474978]
  [0.         0.67936288 0.53093363 0.2265155  0.81474978]
  [0.         0.42105263 0.64341957 0.21726053 0.81474978]
  [0.         0.         1.         0.         1.        ]]

 [[0.         0.20334928 0.         1.         0.        ]
  [0.         0.36842105 0.19448698 0.74762431 0.62013917]
  [0.         1.         0.12404288 0.49679558 1.        ]
  [0.         0.44617225 0.84686064 0.00883978 1.        ]
  [0.         0.         1.         0.         1.        ]]

 [[0.         0.20334928 0.         1.         0.        ]
  [0.         0.36842105 0.19448698 0.74762431 0.63318318]
  [0.         1.         0.12404288 0.49679558 0.86066066]
  [0.         0.44617225 0.84686064 0.00883978 1.        ]
  [0.         0.         1.         0.         1.        ]]]
