[[[147.25 Timestamp('2018-06-22 00:00:00') 148.115 144.2525 144.334
   146.22412500000002]
  [147.585 Timestamp('2018-06-23 00:00:00') 148.115 145.8505 146.0095
   146.245525]
  [147.6005 Timestamp('2018-06-24 00:00:00') 148.115 145.8505 146.354
   146.245525]
  [146.701 Timestamp('2018-06-25 00:00:00') 148.115 146.106 146.479
   146.245525]
  [146.97 Timestamp('2018-06-26 00:00:00') 148.115 146.106 147.773
   146.25209999999998]
  [146.436 Timestamp('2018-06-27 00:00:00') 147.988 146.106 147.358
   146.3189]
  [144.998 Timestamp('2018-06-28 00:00:00') 147.988 144.395 146.4975
   146.31619999999998]
  [145.3675 Timestamp('2018-06-29 00:00:00') 147.988 144.395 147.127
   146.30825]
  [145.6145 Timestamp('2018-06-30 00:00:00') 147.9155 144.395 147.8245
   146.30845000000002]
  [145.888 Timestamp('2018-07-01 00:00:00') 147.85 144.395 147.6895
   146.30845000000002]
  [145.777 Timestamp('2018-07-02 00:00:00') 147.091 144.395 146.9065
   146.30845000000002]
  [145.493 Timestamp('2018-07-03 00:00:00') 147.0635 144.395 147.043
   146.2863]
  [144.595 Timestamp('2018-07-04 00:00:00') 146.653 144.395 145.8175
   146.227225]
  [144.5055 Timestamp('2018-07-05 00:00:00') 146.653 143.786 144.8595
   146.14712500000002]
  [146.201 Timestamp('2018-07-06 00:00:00') 146.653 143.786 145.4095
   146.09877500000005]
  [145.744 Timestamp('2018-07-07 00:00:00') 146.653 143.786 146.0775
   146.09372500000003]
  [145.907 Timestamp('2018-07-08 00:00:00') 146.492 143.786 145.0685
   146.09372500000003]
  [146.193 Timestamp('2018-07-09 00:00:00') 146.492 143.786 145.3965
   146.09372500000003]
  [146.2775 Timestamp('2018-07-10 00:00:00') 146.872 143.786 145.3725
   146.07957500000003]
  [146.771 Timestamp('2018-07-11 00:00:00') 146.872 143.786 144.5655
   146.06797500000005]
  [146.967 Timestamp('2018-07-12 00:00:00') 147.613 144.355 144.4935
   146.08330000000004]
  [147.353 Timestamp('2018-07-13 00:00:00') 147.791 145.194 146.2455
   146.17862500000004]
  [147.907 Timestamp('2018-07-14 00:00:00') 148.134 145.294 145.485
   146.264975]
  [148.6075 Timestamp('2018-07-15 00:00:00') 148.899 145.574 145.6535
   146.264975]
  [148.697 Timestamp('2018-07-16 00:00:00') 148.899 145.849 146.226
   146.264975]
  [148.6145 Timestamp('2018-07-17 00:00:00') 149.3135 146.072 146.267
   146.3739]
  [148.0435 Timestamp('2018-07-18 00:00:00') 149.3135 146.141 146.5845
   146.52617500000002]
  [147.476 Timestamp('2018-07-19 00:00:00') 149.3135 146.405 146.4695
   146.6316]
  [146.372 Timestamp('2018-07-20 00:00:00') 149.3135 146.1735 147.6495
   146.669475]
  [146.352 Timestamp('2018-07-21 00:00:00') 149.3135 145.987 147.8995
   146.692675]]

 [[147.25 Timestamp('2018-06-23 00:00:00') 148.115 144.2525 144.334
   146.245525]
  [147.585 Timestamp('2018-06-24 00:00:00') 148.115 145.8505 146.0095
   146.245525]
  [147.6005 Timestamp('2018-06-25 00:00:00') 148.115 145.8505 146.354
   146.245525]
  [146.701 Timestamp('2018-06-26 00:00:00') 148.115 146.106 146.479
   146.25209999999998]
  [146.97 Timestamp('2018-06-27 00:00:00') 148.115 146.106 147.773
   146.3189]
  [146.436 Timestamp('2018-06-28 00:00:00') 147.988 146.106 147.358
   146.31619999999998]
  [144.998 Timestamp('2018-06-29 00:00:00') 147.988 144.395 146.4975
   146.30825]
  [145.3675 Timestamp('2018-06-30 00:00:00') 147.988 144.395 147.127
   146.30845000000002]
  [145.6145 Timestamp('2018-07-01 00:00:00') 147.9155 144.395 147.8245
   146.30845000000002]
  [145.888 Timestamp('2018-07-02 00:00:00') 147.85 144.395 147.6895
   146.30845000000002]
  [145.777 Timestamp('2018-07-03 00:00:00') 147.091 144.395 146.9065
   146.2863]
  [145.493 Timestamp('2018-07-04 00:00:00') 147.0635 144.395 147.043
   146.227225]
  [144.595 Timestamp('2018-07-05 00:00:00') 146.653 144.395 145.8175
   146.14712500000002]
  [144.5055 Timestamp('2018-07-06 00:00:00') 146.653 143.786 144.8595
   146.09877500000005]
  [146.201 Timestamp('2018-07-07 00:00:00') 146.653 143.786 145.4095
   146.09372500000003]
  [145.744 Timestamp('2018-07-08 00:00:00') 146.653 143.786 146.0775
   146.09372500000003]
  [145.907 Timestamp('2018-07-09 00:00:00') 146.492 143.786 145.0685
   146.09372500000003]
  [146.193 Timestamp('2018-07-10 00:00:00') 146.492 143.786 145.3965
   146.07957500000003]
  [146.2775 Timestamp('2018-07-11 00:00:00') 146.872 143.786 145.3725
   146.06797500000005]
  [146.771 Timestamp('2018-07-12 00:00:00') 146.872 143.786 144.5655
   146.08330000000004]
  [146.967 Timestamp('2018-07-13 00:00:00') 147.613 144.355 144.4935
   146.17862500000004]
  [147.353 Timestamp('2018-07-14 00:00:00') 147.791 145.194 146.2455
   146.264975]
  [147.907 Timestamp('2018-07-15 00:00:00') 148.134 145.294 145.485
   146.264975]
  [148.6075 Timestamp('2018-07-16 00:00:00') 148.899 145.574 145.6535
   146.264975]
  [148.697 Timestamp('2018-07-17 00:00:00') 148.899 145.849 146.226
   146.3739]
  [148.6145 Timestamp('2018-07-18 00:00:00') 149.3135 146.072 146.267
   146.52617500000002]
  [148.0435 Timestamp('2018-07-19 00:00:00') 149.3135 146.141 146.5845
   146.6316]
  [147.476 Timestamp('2018-07-20 00:00:00') 149.3135 146.405 146.4695
   146.669475]
  [146.372 Timestamp('2018-07-21 00:00:00') 149.3135 146.1735 147.6495
   146.692675]
  [146.352 Timestamp('2018-07-22 00:00:00') 149.3135 145.987 147.8995
   146.692675]]

 [[147.25 Timestamp('2018-06-24 00:00:00') 148.115 144.2525 144.334
   146.245525]
  [147.585 Timestamp('2018-06-25 00:00:00') 148.115 145.8505 146.0095
   146.245525]
  [147.6005 Timestamp('2018-06-26 00:00:00') 148.115 145.8505 146.354
   146.25209999999998]
  [146.701 Timestamp('2018-06-27 00:00:00') 148.115 146.106 146.479
   146.3189]
  [146.97 Timestamp('2018-06-28 00:00:00') 148.115 146.106 147.773
   146.31619999999998]
  [146.436 Timestamp('2018-06-29 00:00:00') 147.988 146.106 147.358
   146.30825]
  [144.998 Timestamp('2018-06-30 00:00:00') 147.988 144.395 146.4975
   146.30845000000002]
  [145.3675 Timestamp('2018-07-01 00:00:00') 147.988 144.395 147.127
   146.30845000000002]
  [145.6145 Timestamp('2018-07-02 00:00:00') 147.9155 144.395 147.8245
   146.30845000000002]
  [145.888 Timestamp('2018-07-03 00:00:00') 147.85 144.395 147.6895
   146.2863]
  [145.777 Timestamp('2018-07-04 00:00:00') 147.091 144.395 146.9065
   146.227225]
  [145.493 Timestamp('2018-07-05 00:00:00') 147.0635 144.395 147.043
   146.14712500000002]
  [144.595 Timestamp('2018-07-06 00:00:00') 146.653 144.395 145.8175
   146.09877500000005]
  [144.5055 Timestamp('2018-07-07 00:00:00') 146.653 143.786 144.8595
   146.09372500000003]
  [146.201 Timestamp('2018-07-08 00:00:00') 146.653 143.786 145.4095
   146.09372500000003]
  [145.744 Timestamp('2018-07-09 00:00:00') 146.653 143.786 146.0775
   146.09372500000003]
  [145.907 Timestamp('2018-07-10 00:00:00') 146.492 143.786 145.0685
   146.07957500000003]
  [146.193 Timestamp('2018-07-11 00:00:00') 146.492 143.786 145.3965
   146.06797500000005]
  [146.2775 Timestamp('2018-07-12 00:00:00') 146.872 143.786 145.3725
   146.08330000000004]
  [146.771 Timestamp('2018-07-13 00:00:00') 146.872 143.786 144.5655
   146.17862500000004]
  [146.967 Timestamp('2018-07-14 00:00:00') 147.613 144.355 144.4935
   146.264975]
  [147.353 Timestamp('2018-07-15 00:00:00') 147.791 145.194 146.2455
   146.264975]
  [147.907 Timestamp('2018-07-16 00:00:00') 148.134 145.294 145.485
   146.264975]
  [148.6075 Timestamp('2018-07-17 00:00:00') 148.899 145.574 145.6535
   146.3739]
  [148.697 Timestamp('2018-07-18 00:00:00') 148.899 145.849 146.226
   146.52617500000002]
  [148.6145 Timestamp('2018-07-19 00:00:00') 149.3135 146.072 146.267
   146.6316]
  [148.0435 Timestamp('2018-07-20 00:00:00') 149.3135 146.141 146.5845
   146.669475]
  [147.476 Timestamp('2018-07-21 00:00:00') 149.3135 146.405 146.4695
   146.692675]
  [146.372 Timestamp('2018-07-22 00:00:00') 149.3135 146.1735 147.6495
   146.692675]
  [146.352 Timestamp('2018-07-23 00:00:00') 149.3135 145.987 147.8995
   146.692675]]

 [[147.585 Timestamp('2018-06-25 00:00:00') 148.115 145.8505 146.0095
   146.245525]
  [147.6005 Timestamp('2018-06-26 00:00:00') 148.115 145.8505 146.354
   146.25209999999998]
  [146.701 Timestamp('2018-06-27 00:00:00') 148.115 146.106 146.479
   146.3189]
  [146.97 Timestamp('2018-06-28 00:00:00') 148.115 146.106 147.773
   146.31619999999998]
  [146.436 Timestamp('2018-06-29 00:00:00') 147.988 146.106 147.358
   146.30825]
  [144.998 Timestamp('2018-06-30 00:00:00') 147.988 144.395 146.4975
   146.30845000000002]
  [145.3675 Timestamp('2018-07-01 00:00:00') 147.988 144.395 147.127
   146.30845000000002]
  [145.6145 Timestamp('2018-07-02 00:00:00') 147.9155 144.395 147.8245
   146.30845000000002]
  [145.888 Timestamp('2018-07-03 00:00:00') 147.85 144.395 147.6895
   146.2863]
  [145.777 Timestamp('2018-07-04 00:00:00') 147.091 144.395 146.9065
   146.227225]
  [145.493 Timestamp('2018-07-05 00:00:00') 147.0635 144.395 147.043
   146.14712500000002]
  [144.595 Timestamp('2018-07-06 00:00:00') 146.653 144.395 145.8175
   146.09877500000005]
  [144.5055 Timestamp('2018-07-07 00:00:00') 146.653 143.786 144.8595
   146.09372500000003]
  [146.201 Timestamp('2018-07-08 00:00:00') 146.653 143.786 145.4095
   146.09372500000003]
  [145.744 Timestamp('2018-07-09 00:00:00') 146.653 143.786 146.0775
   146.09372500000003]
  [145.907 Timestamp('2018-07-10 00:00:00') 146.492 143.786 145.0685
   146.07957500000003]
  [146.193 Timestamp('2018-07-11 00:00:00') 146.492 143.786 145.3965
   146.06797500000005]
  [146.2775 Timestamp('2018-07-12 00:00:00') 146.872 143.786 145.3725
   146.08330000000004]
  [146.771 Timestamp('2018-07-13 00:00:00') 146.872 143.786 144.5655
   146.17862500000004]
  [146.967 Timestamp('2018-07-14 00:00:00') 147.613 144.355 144.4935
   146.264975]
  [147.353 Timestamp('2018-07-15 00:00:00') 147.791 145.194 146.2455
   146.264975]
  [147.907 Timestamp('2018-07-16 00:00:00') 148.134 145.294 145.485
   146.264975]
  [148.6075 Timestamp('2018-07-17 00:00:00') 148.899 145.574 145.6535
   146.3739]
  [148.697 Timestamp('2018-07-18 00:00:00') 148.899 145.849 146.226
   146.52617500000002]
  [148.6145 Timestamp('2018-07-19 00:00:00') 149.3135 146.072 146.267
   146.6316]
  [148.0435 Timestamp('2018-07-20 00:00:00') 149.3135 146.141 146.5845
   146.669475]
  [147.476 Timestamp('2018-07-21 00:00:00') 149.3135 146.405 146.4695
   146.692675]
  [146.372 Timestamp('2018-07-22 00:00:00') 149.3135 146.1735 147.6495
   146.692675]
  [146.352 Timestamp('2018-07-23 00:00:00') 149.3135 145.987 147.8995
   146.692675]
  [145.8825 Timestamp('2018-07-24 00:00:00') 149.3135 145.683 148.692
   146.69795000000002]]

 [[147.6005 Timestamp('2018-06-26 00:00:00') 148.115 145.8505 146.354
   146.25209999999998]
  [146.701 Timestamp('2018-06-27 00:00:00') 148.115 146.106 146.479
   146.3189]
  [146.97 Timestamp('2018-06-28 00:00:00') 148.115 146.106 147.773
   146.31619999999998]
  [146.436 Timestamp('2018-06-29 00:00:00') 147.988 146.106 147.358
   146.30825]
  [144.998 Timestamp('2018-06-30 00:00:00') 147.988 144.395 146.4975
   146.30845000000002]
  [145.3675 Timestamp('2018-07-01 00:00:00') 147.988 144.395 147.127
   146.30845000000002]
  [145.6145 Timestamp('2018-07-02 00:00:00') 147.9155 144.395 147.8245
   146.30845000000002]
  [145.888 Timestamp('2018-07-03 00:00:00') 147.85 144.395 147.6895
   146.2863]
  [145.777 Timestamp('2018-07-04 00:00:00') 147.091 144.395 146.9065
   146.227225]
  [145.493 Timestamp('2018-07-05 00:00:00') 147.0635 144.395 147.043
   146.14712500000002]
  [144.595 Timestamp('2018-07-06 00:00:00') 146.653 144.395 145.8175
   146.09877500000005]
  [144.5055 Timestamp('2018-07-07 00:00:00') 146.653 143.786 144.8595
   146.09372500000003]
  [146.201 Timestamp('2018-07-08 00:00:00') 146.653 143.786 145.4095
   146.09372500000003]
  [145.744 Timestamp('2018-07-09 00:00:00') 146.653 143.786 146.0775
   146.09372500000003]
  [145.907 Timestamp('2018-07-10 00:00:00') 146.492 143.786 145.0685
   146.07957500000003]
  [146.193 Timestamp('2018-07-11 00:00:00') 146.492 143.786 145.3965
   146.06797500000005]
  [146.2775 Timestamp('2018-07-12 00:00:00') 146.872 143.786 145.3725
   146.08330000000004]
  [146.771 Timestamp('2018-07-13 00:00:00') 146.872 143.786 144.5655
   146.17862500000004]
  [146.967 Timestamp('2018-07-14 00:00:00') 147.613 144.355 144.4935
   146.264975]
  [147.353 Timestamp('2018-07-15 00:00:00') 147.791 145.194 146.2455
   146.264975]
  [147.907 Timestamp('2018-07-16 00:00:00') 148.134 145.294 145.485
   146.264975]
  [148.6075 Timestamp('2018-07-17 00:00:00') 148.899 145.574 145.6535
   146.3739]
  [148.697 Timestamp('2018-07-18 00:00:00') 148.899 145.849 146.226
   146.52617500000002]
  [148.6145 Timestamp('2018-07-19 00:00:00') 149.3135 146.072 146.267
   146.6316]
  [148.0435 Timestamp('2018-07-20 00:00:00') 149.3135 146.141 146.5845
   146.669475]
  [147.476 Timestamp('2018-07-21 00:00:00') 149.3135 146.405 146.4695
   146.692675]
  [146.372 Timestamp('2018-07-22 00:00:00') 149.3135 146.1735 147.6495
   146.692675]
  [146.352 Timestamp('2018-07-23 00:00:00') 149.3135 145.987 147.8995
   146.692675]
  [145.8825 Timestamp('2018-07-24 00:00:00') 149.3135 145.683 148.692
   146.69795000000002]
  [146.166 Timestamp('2018-07-25 00:00:00') 149.3135 145.4745 148.5505
   146.73160000000004]]

 [[146.701 Timestamp('2018-06-27 00:00:00') 148.115 146.106 146.479
   146.3189]
  [146.97 Timestamp('2018-06-28 00:00:00') 148.115 146.106 147.773
   146.31619999999998]
  [146.436 Timestamp('2018-06-29 00:00:00') 147.988 146.106 147.358
   146.30825]
  [144.998 Timestamp('2018-06-30 00:00:00') 147.988 144.395 146.4975
   146.30845000000002]
  [145.3675 Timestamp('2018-07-01 00:00:00') 147.988 144.395 147.127
   146.30845000000002]
  [145.6145 Timestamp('2018-07-02 00:00:00') 147.9155 144.395 147.8245
   146.30845000000002]
  [145.888 Timestamp('2018-07-03 00:00:00') 147.85 144.395 147.6895
   146.2863]
  [145.777 Timestamp('2018-07-04 00:00:00') 147.091 144.395 146.9065
   146.227225]
  [145.493 Timestamp('2018-07-05 00:00:00') 147.0635 144.395 147.043
   146.14712500000002]
  [144.595 Timestamp('2018-07-06 00:00:00') 146.653 144.395 145.8175
   146.09877500000005]
  [144.5055 Timestamp('2018-07-07 00:00:00') 146.653 143.786 144.8595
   146.09372500000003]
  [146.201 Timestamp('2018-07-08 00:00:00') 146.653 143.786 145.4095
   146.09372500000003]
  [145.744 Timestamp('2018-07-09 00:00:00') 146.653 143.786 146.0775
   146.09372500000003]
  [145.907 Timestamp('2018-07-10 00:00:00') 146.492 143.786 145.0685
   146.07957500000003]
  [146.193 Timestamp('2018-07-11 00:00:00') 146.492 143.786 145.3965
   146.06797500000005]
  [146.2775 Timestamp('2018-07-12 00:00:00') 146.872 143.786 145.3725
   146.08330000000004]
  [146.771 Timestamp('2018-07-13 00:00:00') 146.872 143.786 144.5655
   146.17862500000004]
  [146.967 Timestamp('2018-07-14 00:00:00') 147.613 144.355 144.4935
   146.264975]
  [147.353 Timestamp('2018-07-15 00:00:00') 147.791 145.194 146.2455
   146.264975]
  [147.907 Timestamp('2018-07-16 00:00:00') 148.134 145.294 145.485
   146.264975]
  [148.6075 Timestamp('2018-07-17 00:00:00') 148.899 145.574 145.6535
   146.3739]
  [148.697 Timestamp('2018-07-18 00:00:00') 148.899 145.849 146.226
   146.52617500000002]
  [148.6145 Timestamp('2018-07-19 00:00:00') 149.3135 146.072 146.267
   146.6316]
  [148.0435 Timestamp('2018-07-20 00:00:00') 149.3135 146.141 146.5845
   146.669475]
  [147.476 Timestamp('2018-07-21 00:00:00') 149.3135 146.405 146.4695
   146.692675]
  [146.372 Timestamp('2018-07-22 00:00:00') 149.3135 146.1735 147.6495
   146.692675]
  [146.352 Timestamp('2018-07-23 00:00:00') 149.3135 145.987 147.8995
   146.692675]
  [145.8825 Timestamp('2018-07-24 00:00:00') 149.3135 145.683 148.692
   146.69795000000002]
  [146.166 Timestamp('2018-07-25 00:00:00') 149.3135 145.4745 148.5505
   146.73160000000004]
  [146.3865 Timestamp('2018-07-26 00:00:00') 149.0905 145.4745 148.6405
   146.821175]]

 [[146.97 Timestamp('2018-06-28 00:00:00') 148.115 146.106 147.773
   146.31619999999998]
  [146.436 Timestamp('2018-06-29 00:00:00') 147.988 146.106 147.358
   146.30825]
  [144.998 Timestamp('2018-06-30 00:00:00') 147.988 144.395 146.4975
   146.30845000000002]
  [145.3675 Timestamp('2018-07-01 00:00:00') 147.988 144.395 147.127
   146.30845000000002]
  [145.6145 Timestamp('2018-07-02 00:00:00') 147.9155 144.395 147.8245
   146.30845000000002]
  [145.888 Timestamp('2018-07-03 00:00:00') 147.85 144.395 147.6895
   146.2863]
  [145.777 Timestamp('2018-07-04 00:00:00') 147.091 144.395 146.9065
   146.227225]
  [145.493 Timestamp('2018-07-05 00:00:00') 147.0635 144.395 147.043
   146.14712500000002]
  [144.595 Timestamp('2018-07-06 00:00:00') 146.653 144.395 145.8175
   146.09877500000005]
  [144.5055 Timestamp('2018-07-07 00:00:00') 146.653 143.786 144.8595
   146.09372500000003]
  [146.201 Timestamp('2018-07-08 00:00:00') 146.653 143.786 145.4095
   146.09372500000003]
  [145.744 Timestamp('2018-07-09 00:00:00') 146.653 143.786 146.0775
   146.09372500000003]
  [145.907 Timestamp('2018-07-10 00:00:00') 146.492 143.786 145.0685
   146.07957500000003]
  [146.193 Timestamp('2018-07-11 00:00:00') 146.492 143.786 145.3965
   146.06797500000005]
  [146.2775 Timestamp('2018-07-12 00:00:00') 146.872 143.786 145.3725
   146.08330000000004]
  [146.771 Timestamp('2018-07-13 00:00:00') 146.872 143.786 144.5655
   146.17862500000004]
  [146.967 Timestamp('2018-07-14 00:00:00') 147.613 144.355 144.4935
   146.264975]
  [147.353 Timestamp('2018-07-15 00:00:00') 147.791 145.194 146.2455
   146.264975]
  [147.907 Timestamp('2018-07-16 00:00:00') 148.134 145.294 145.485
   146.264975]
  [148.6075 Timestamp('2018-07-17 00:00:00') 148.899 145.574 145.6535
   146.3739]
  [148.697 Timestamp('2018-07-18 00:00:00') 148.899 145.849 146.226
   146.52617500000002]
  [148.6145 Timestamp('2018-07-19 00:00:00') 149.3135 146.072 146.267
   146.6316]
  [148.0435 Timestamp('2018-07-20 00:00:00') 149.3135 146.141 146.5845
   146.669475]
  [147.476 Timestamp('2018-07-21 00:00:00') 149.3135 146.405 146.4695
   146.692675]
  [146.372 Timestamp('2018-07-22 00:00:00') 149.3135 146.1735 147.6495
   146.692675]
  [146.352 Timestamp('2018-07-23 00:00:00') 149.3135 145.987 147.8995
   146.692675]
  [145.8825 Timestamp('2018-07-24 00:00:00') 149.3135 145.683 148.692
   146.69795000000002]
  [146.166 Timestamp('2018-07-25 00:00:00') 149.3135 145.4745 148.5505
   146.73160000000004]
  [146.3865 Timestamp('2018-07-26 00:00:00') 149.0905 145.4745 148.6405
   146.821175]
  [145.815 Timestamp('2018-07-27 00:00:00') 148.237 145.4745 147.9915
   146.88665]]

 [[146.436 Timestamp('2018-06-29 00:00:00') 147.988 146.106 147.358
   146.30825]
  [144.998 Timestamp('2018-06-30 00:00:00') 147.988 144.395 146.4975
   146.30845000000002]
  [145.3675 Timestamp('2018-07-01 00:00:00') 147.988 144.395 147.127
   146.30845000000002]
  [145.6145 Timestamp('2018-07-02 00:00:00') 147.9155 144.395 147.8245
   146.30845000000002]
  [145.888 Timestamp('2018-07-03 00:00:00') 147.85 144.395 147.6895
   146.2863]
  [145.777 Timestamp('2018-07-04 00:00:00') 147.091 144.395 146.9065
   146.227225]
  [145.493 Timestamp('2018-07-05 00:00:00') 147.0635 144.395 147.043
   146.14712500000002]
  [144.595 Timestamp('2018-07-06 00:00:00') 146.653 144.395 145.8175
   146.09877500000005]
  [144.5055 Timestamp('2018-07-07 00:00:00') 146.653 143.786 144.8595
   146.09372500000003]
  [146.201 Timestamp('2018-07-08 00:00:00') 146.653 143.786 145.4095
   146.09372500000003]
  [145.744 Timestamp('2018-07-09 00:00:00') 146.653 143.786 146.0775
   146.09372500000003]
  [145.907 Timestamp('2018-07-10 00:00:00') 146.492 143.786 145.0685
   146.07957500000003]
  [146.193 Timestamp('2018-07-11 00:00:00') 146.492 143.786 145.3965
   146.06797500000005]
  [146.2775 Timestamp('2018-07-12 00:00:00') 146.872 143.786 145.3725
   146.08330000000004]
  [146.771 Timestamp('2018-07-13 00:00:00') 146.872 143.786 144.5655
   146.17862500000004]
  [146.967 Timestamp('2018-07-14 00:00:00') 147.613 144.355 144.4935
   146.264975]
  [147.353 Timestamp('2018-07-15 00:00:00') 147.791 145.194 146.2455
   146.264975]
  [147.907 Timestamp('2018-07-16 00:00:00') 148.134 145.294 145.485
   146.264975]
  [148.6075 Timestamp('2018-07-17 00:00:00') 148.899 145.574 145.6535
   146.3739]
  [148.697 Timestamp('2018-07-18 00:00:00') 148.899 145.849 146.226
   146.52617500000002]
  [148.6145 Timestamp('2018-07-19 00:00:00') 149.3135 146.072 146.267
   146.6316]
  [148.0435 Timestamp('2018-07-20 00:00:00') 149.3135 146.141 146.5845
   146.669475]
  [147.476 Timestamp('2018-07-21 00:00:00') 149.3135 146.405 146.4695
   146.692675]
  [146.372 Timestamp('2018-07-22 00:00:00') 149.3135 146.1735 147.6495
   146.692675]
  [146.352 Timestamp('2018-07-23 00:00:00') 149.3135 145.987 147.8995
   146.692675]
  [145.8825 Timestamp('2018-07-24 00:00:00') 149.3135 145.683 148.692
   146.69795000000002]
  [146.166 Timestamp('2018-07-25 00:00:00') 149.3135 145.4745 148.5505
   146.73160000000004]
  [146.3865 Timestamp('2018-07-26 00:00:00') 149.0905 145.4745 148.6405
   146.821175]
  [145.815 Timestamp('2018-07-27 00:00:00') 148.237 145.4745 147.9915
   146.88665]
  [145.51 Timestamp('2018-07-28 00:00:00') 147.6645 145.2775 147.272
   146.8521]]

 [[146.436 Timestamp('2018-06-30 00:00:00') 147.988 146.106 147.358
   146.30845000000002]
  [144.998 Timestamp('2018-07-01 00:00:00') 147.988 144.395 146.4975
   146.30845000000002]
  [145.3675 Timestamp('2018-07-02 00:00:00') 147.988 144.395 147.127
   146.30845000000002]
  [145.6145 Timestamp('2018-07-03 00:00:00') 147.9155 144.395 147.8245
   146.2863]
  [145.888 Timestamp('2018-07-04 00:00:00') 147.85 144.395 147.6895
   146.227225]
  [145.777 Timestamp('2018-07-05 00:00:00') 147.091 144.395 146.9065
   146.14712500000002]
  [145.493 Timestamp('2018-07-06 00:00:00') 147.0635 144.395 147.043
   146.09877500000005]
  [144.595 Timestamp('2018-07-07 00:00:00') 146.653 144.395 145.8175
   146.09372500000003]
  [144.5055 Timestamp('2018-07-08 00:00:00') 146.653 143.786 144.8595
   146.09372500000003]
  [146.201 Timestamp('2018-07-09 00:00:00') 146.653 143.786 145.4095
   146.09372500000003]
  [145.744 Timestamp('2018-07-10 00:00:00') 146.653 143.786 146.0775
   146.07957500000003]
  [145.907 Timestamp('2018-07-11 00:00:00') 146.492 143.786 145.0685
   146.06797500000005]
  [146.193 Timestamp('2018-07-12 00:00:00') 146.492 143.786 145.3965
   146.08330000000004]
  [146.2775 Timestamp('2018-07-13 00:00:00') 146.872 143.786 145.3725
   146.17862500000004]
  [146.771 Timestamp('2018-07-14 00:00:00') 146.872 143.786 144.5655
   146.264975]
  [146.967 Timestamp('2018-07-15 00:00:00') 147.613 144.355 144.4935
   146.264975]
  [147.353 Timestamp('2018-07-16 00:00:00') 147.791 145.194 146.2455
   146.264975]
  [147.907 Timestamp('2018-07-17 00:00:00') 148.134 145.294 145.485
   146.3739]
  [148.6075 Timestamp('2018-07-18 00:00:00') 148.899 145.574 145.6535
   146.52617500000002]
  [148.697 Timestamp('2018-07-19 00:00:00') 148.899 145.849 146.226
   146.6316]
  [148.6145 Timestamp('2018-07-20 00:00:00') 149.3135 146.072 146.267
   146.669475]
  [148.0435 Timestamp('2018-07-21 00:00:00') 149.3135 146.141 146.5845
   146.692675]
  [147.476 Timestamp('2018-07-22 00:00:00') 149.3135 146.405 146.4695
   146.692675]
  [146.372 Timestamp('2018-07-23 00:00:00') 149.3135 146.1735 147.6495
   146.692675]
  [146.352 Timestamp('2018-07-24 00:00:00') 149.3135 145.987 147.8995
   146.69795000000002]
  [145.8825 Timestamp('2018-07-25 00:00:00') 149.3135 145.683 148.692
   146.73160000000004]
  [146.166 Timestamp('2018-07-26 00:00:00') 149.3135 145.4745 148.5505
   146.821175]
  [146.3865 Timestamp('2018-07-27 00:00:00') 149.0905 145.4745 148.6405
   146.88665]
  [145.815 Timestamp('2018-07-28 00:00:00') 148.237 145.4745 147.9915
   146.8521]
  [145.51 Timestamp('2018-07-29 00:00:00') 147.6645 145.2775 147.272
   146.8521]]

 [[146.436 Timestamp('2018-07-01 00:00:00') 147.988 146.106 147.358
   146.30845000000002]
  [144.998 Timestamp('2018-07-02 00:00:00') 147.988 144.395 146.4975
   146.30845000000002]
  [145.3675 Timestamp('2018-07-03 00:00:00') 147.988 144.395 147.127
   146.2863]
  [145.6145 Timestamp('2018-07-04 00:00:00') 147.9155 144.395 147.8245
   146.227225]
  [145.888 Timestamp('2018-07-05 00:00:00') 147.85 144.395 147.6895
   146.14712500000002]
  [145.777 Timestamp('2018-07-06 00:00:00') 147.091 144.395 146.9065
   146.09877500000005]
  [145.493 Timestamp('2018-07-07 00:00:00') 147.0635 144.395 147.043
   146.09372500000003]
  [144.595 Timestamp('2018-07-08 00:00:00') 146.653 144.395 145.8175
   146.09372500000003]
  [144.5055 Timestamp('2018-07-09 00:00:00') 146.653 143.786 144.8595
   146.09372500000003]
  [146.201 Timestamp('2018-07-10 00:00:00') 146.653 143.786 145.4095
   146.07957500000003]
  [145.744 Timestamp('2018-07-11 00:00:00') 146.653 143.786 146.0775
   146.06797500000005]
  [145.907 Timestamp('2018-07-12 00:00:00') 146.492 143.786 145.0685
   146.08330000000004]
  [146.193 Timestamp('2018-07-13 00:00:00') 146.492 143.786 145.3965
   146.17862500000004]
  [146.2775 Timestamp('2018-07-14 00:00:00') 146.872 143.786 145.3725
   146.264975]
  [146.771 Timestamp('2018-07-15 00:00:00') 146.872 143.786 144.5655
   146.264975]
  [146.967 Timestamp('2018-07-16 00:00:00') 147.613 144.355 144.4935
   146.264975]
  [147.353 Timestamp('2018-07-17 00:00:00') 147.791 145.194 146.2455
   146.3739]
  [147.907 Timestamp('2018-07-18 00:00:00') 148.134 145.294 145.485
   146.52617500000002]
  [148.6075 Timestamp('2018-07-19 00:00:00') 148.899 145.574 145.6535
   146.6316]
  [148.697 Timestamp('2018-07-20 00:00:00') 148.899 145.849 146.226
   146.669475]
  [148.6145 Timestamp('2018-07-21 00:00:00') 149.3135 146.072 146.267
   146.692675]
  [148.0435 Timestamp('2018-07-22 00:00:00') 149.3135 146.141 146.5845
   146.692675]
  [147.476 Timestamp('2018-07-23 00:00:00') 149.3135 146.405 146.4695
   146.692675]
  [146.372 Timestamp('2018-07-24 00:00:00') 149.3135 146.1735 147.6495
   146.69795000000002]
  [146.352 Timestamp('2018-07-25 00:00:00') 149.3135 145.987 147.8995
   146.73160000000004]
  [145.8825 Timestamp('2018-07-26 00:00:00') 149.3135 145.683 148.692
   146.821175]
  [146.166 Timestamp('2018-07-27 00:00:00') 149.3135 145.4745 148.5505
   146.88665]
  [146.3865 Timestamp('2018-07-28 00:00:00') 149.0905 145.4745 148.6405
   146.8521]
  [145.815 Timestamp('2018-07-29 00:00:00') 148.237 145.4745 147.9915
   146.8521]
  [145.51 Timestamp('2018-07-30 00:00:00') 147.6645 145.2775 147.272
   146.8521]]]
[146.352  146.352  145.8825 146.166  146.3865 145.815  145.51   145.51
 145.51   145.8655]
[[[0.65477753 0.57522594 0.17812142 0.         0.24995998]
  [0.73470118 0.57522594 0.78827797 0.46992007 0.28421642]
  [0.73839914 0.57522594 0.78827797 0.56654046 0.28421642]
  [0.52379816 0.57522594 0.88583429 0.60159865 0.28421642]
  [0.58797567 0.57522594 0.88583429 0.96452111 0.29474148]
  [0.46057497 0.53021442 0.88583429 0.84812789 0.4016728 ]
  [0.1174997  0.53021442 0.2325315  0.60678727 0.39735073]
  [0.2056543  0.53021442 0.2325315  0.78334034 0.38462462]
  [0.26458308 0.50451887 0.2325315  0.97896508 0.38494477]
  [0.32983419 0.48130427 0.2325315  0.94110223 0.38494477]
  [0.30335202 0.21229842 0.2325315  0.72149769 0.38494477]
  [0.23559585 0.20255183 0.2325315  0.75978124 0.34948775]
  [0.02135274 0.05706185 0.2325315  0.41607068 0.25492236]
  [0.         0.05706185 0.         0.14738466 0.12670082]
  [0.40450913 0.05706185 0.         0.30164072 0.04930367]
  [0.29547895 0.05706185 0.         0.48899173 0.04121979]
  [0.33436717 0.         0.         0.20600196 0.04121979]
  [0.4026005  0.         0.         0.29799467 0.04121979]
  [0.42276035 0.13468013 0.         0.2912635  0.01856891]
  [0.54049863 0.13468013 0.         0.06492778 0.        ]
  [0.58725993 0.3973064  0.2172585  0.04473426 0.02453178]
  [0.67935107 0.46039341 0.53760977 0.53610994 0.17712502]
  [0.81152332 0.58195995 0.57579229 0.32281587 0.31535137]
  [0.97864726 0.85309233 0.68270332 0.37007432 0.31535137]
  [1.         0.85309233 0.78770523 0.53064086 0.31535137]
  [0.98031731 1.         0.87285223 0.54213995 0.48971506]
  [0.84408923 1.         0.89919817 0.63118777 0.73347207]
  [0.70869617 1.         1.         0.59893423 0.90223307]
  [0.44530598 1.         0.91160748 0.92988361 0.96286217]
  [0.44053441 1.         0.8403971  1.         1.        ]]

 [[0.65477753 0.57522594 0.17812142 0.         0.28421642]
  [0.73470118 0.57522594 0.78827797 0.46992007 0.28421642]
  [0.73839914 0.57522594 0.78827797 0.56654046 0.28421642]
  [0.52379816 0.57522594 0.88583429 0.60159865 0.29474148]
  [0.58797567 0.57522594 0.88583429 0.96452111 0.4016728 ]
  [0.46057497 0.53021442 0.88583429 0.84812789 0.39735073]
  [0.1174997  0.53021442 0.2325315  0.60678727 0.38462462]
  [0.2056543  0.53021442 0.2325315  0.78334034 0.38494477]
  [0.26458308 0.50451887 0.2325315  0.97896508 0.38494477]
  [0.32983419 0.48130427 0.2325315  0.94110223 0.38494477]
  [0.30335202 0.21229842 0.2325315  0.72149769 0.34948775]
  [0.23559585 0.20255183 0.2325315  0.75978124 0.25492236]
  [0.02135274 0.05706185 0.2325315  0.41607068 0.12670082]
  [0.         0.05706185 0.         0.14738466 0.04930367]
  [0.40450913 0.05706185 0.         0.30164072 0.04121979]
  [0.29547895 0.05706185 0.         0.48899173 0.04121979]
  [0.33436717 0.         0.         0.20600196 0.04121979]
  [0.4026005  0.         0.         0.29799467 0.01856891]
  [0.42276035 0.13468013 0.         0.2912635  0.        ]
  [0.54049863 0.13468013 0.         0.06492778 0.02453178]
  [0.58725993 0.3973064  0.2172585  0.04473426 0.17712502]
  [0.67935107 0.46039341 0.53760977 0.53610994 0.31535137]
  [0.81152332 0.58195995 0.57579229 0.32281587 0.31535137]
  [0.97864726 0.85309233 0.68270332 0.37007432 0.31535137]
  [1.         0.85309233 0.78770523 0.53064086 0.48971506]
  [0.98031731 1.         0.87285223 0.54213995 0.73347207]
  [0.84408923 1.         0.89919817 0.63118777 0.90223307]
  [0.70869617 1.         1.         0.59893423 0.96286217]
  [0.44530598 1.         0.91160748 0.92988361 1.        ]
  [0.44053441 1.         0.8403971  1.         1.        ]]

 [[0.65477753 0.57522594 0.17812142 0.         0.28421642]
  [0.73470118 0.57522594 0.78827797 0.46992007 0.28421642]
  [0.73839914 0.57522594 0.78827797 0.56654046 0.29474148]
  [0.52379816 0.57522594 0.88583429 0.60159865 0.4016728 ]
  [0.58797567 0.57522594 0.88583429 0.96452111 0.39735073]
  [0.46057497 0.53021442 0.88583429 0.84812789 0.38462462]
  [0.1174997  0.53021442 0.2325315  0.60678727 0.38494477]
  [0.2056543  0.53021442 0.2325315  0.78334034 0.38494477]
  [0.26458308 0.50451887 0.2325315  0.97896508 0.38494477]
  [0.32983419 0.48130427 0.2325315  0.94110223 0.34948775]
  [0.30335202 0.21229842 0.2325315  0.72149769 0.25492236]
  [0.23559585 0.20255183 0.2325315  0.75978124 0.12670082]
  [0.02135274 0.05706185 0.2325315  0.41607068 0.04930367]
  [0.         0.05706185 0.         0.14738466 0.04121979]
  [0.40450913 0.05706185 0.         0.30164072 0.04121979]
  [0.29547895 0.05706185 0.         0.48899173 0.04121979]
  [0.33436717 0.         0.         0.20600196 0.01856891]
  [0.4026005  0.         0.         0.29799467 0.        ]
  [0.42276035 0.13468013 0.         0.2912635  0.02453178]
  [0.54049863 0.13468013 0.         0.06492778 0.17712502]
  [0.58725993 0.3973064  0.2172585  0.04473426 0.31535137]
  [0.67935107 0.46039341 0.53760977 0.53610994 0.31535137]
  [0.81152332 0.58195995 0.57579229 0.32281587 0.31535137]
  [0.97864726 0.85309233 0.68270332 0.37007432 0.48971506]
  [1.         0.85309233 0.78770523 0.53064086 0.73347207]
  [0.98031731 1.         0.87285223 0.54213995 0.90223307]
  [0.84408923 1.         0.89919817 0.63118777 0.96286217]
  [0.70869617 1.         1.         0.59893423 1.        ]
  [0.44530598 1.         0.91160748 0.92988361 1.        ]
  [0.44053441 1.         0.8403971  1.         1.        ]]

 [[0.73470118 0.57522594 0.78827797 0.36108134 0.28183658]
  [0.73839914 0.57522594 0.78827797 0.44313445 0.2922735 ]
  [0.52379816 0.57522594 0.88583429 0.47290699 0.39830946]
  [0.58797567 0.57522594 0.88583429 0.7811123  0.39402357]
  [0.46057497 0.53021442 0.88583429 0.68226748 0.38140402]
  [0.1174997  0.53021442 0.2325315  0.47731333 0.3817215 ]
  [0.2056543  0.53021442 0.2325315  0.62724783 0.3817215 ]
  [0.26458308 0.50451887 0.2325315  0.79337859 0.3817215 ]
  [0.32983419 0.48130427 0.2325315  0.76122425 0.34656137]
  [0.30335202 0.21229842 0.2325315  0.57472907 0.25278781]
  [0.23559585 0.20255183 0.2325315  0.60724068 0.12563991]
  [0.02135274 0.05706185 0.2325315  0.31535072 0.04889083]
  [0.         0.05706185 0.         0.08717399 0.04087464]
  [0.40450913 0.05706185 0.         0.21817316 0.04087464]
  [0.29547895 0.05706185 0.         0.3772776  0.04087464]
  [0.33436717 0.         0.         0.13695367 0.01841343]
  [0.4026005  0.         0.         0.21507681 0.        ]
  [0.42276035 0.13468013 0.         0.20936049 0.02432636]
  [0.54049863 0.13468013 0.         0.01714898 0.17564189]
  [0.58725993 0.3973064  0.2172585  0.         0.31271082]
  [0.67935107 0.46039341 0.53760977 0.41729189 0.31271082]
  [0.81152332 0.58195995 0.57579229 0.23615577 0.31271082]
  [0.97864726 0.85309233 0.68270332 0.27628915 0.48561451]
  [1.         0.85309233 0.78770523 0.41264737 0.72733045]
  [0.98031731 1.         0.87285223 0.42241277 0.89467836]
  [0.84408923 1.         0.89919817 0.49803501 0.95479979]
  [0.70869617 1.         1.         0.47064428 0.99162665]
  [0.44530598 1.         0.91160748 0.75169703 0.99162665]
  [0.44053441 1.         0.8403971  0.81124211 0.99162665]
  [0.32852201 1.         0.72432226 1.         1.        ]]

 [[0.73839914 0.57522594 0.78827797 0.44313445 0.27745338]
  [0.52379816 0.57522594 0.88583429 0.47290699 0.37811264]
  [0.58797567 0.57522594 0.88583429 0.7811123  0.37404408]
  [0.46057497 0.53021442 0.88583429 0.68226748 0.36206442]
  [0.1174997  0.53021442 0.2325315  0.47731333 0.36236579]
  [0.2056543  0.53021442 0.2325315  0.62724783 0.36236579]
  [0.26458308 0.50451887 0.2325315  0.79337859 0.36236579]
  [0.32983419 0.48130427 0.2325315  0.76122425 0.32898851]
  [0.30335202 0.21229842 0.2325315  0.57472907 0.23996986]
  [0.23559585 0.20255183 0.2325315  0.60724068 0.11926917]
  [0.02135274 0.05706185 0.2325315  0.31535072 0.04641175]
  [0.         0.05706185 0.         0.08717399 0.03880203]
  [0.40450913 0.05706185 0.         0.21817316 0.03880203]
  [0.29547895 0.05706185 0.         0.3772776  0.03880203]
  [0.33436717 0.         0.         0.13695367 0.01747975]
  [0.4026005  0.         0.         0.21507681 0.        ]
  [0.42276035 0.13468013 0.         0.20936049 0.02309286]
  [0.54049863 0.13468013 0.         0.01714898 0.16673573]
  [0.58725993 0.3973064  0.2172585  0.         0.2968544 ]
  [0.67935107 0.46039341 0.53760977 0.41729189 0.2968544 ]
  [0.81152332 0.58195995 0.57579229 0.23615577 0.2968544 ]
  [0.97864726 0.85309233 0.68270332 0.27628915 0.46099077]
  [1.         0.85309233 0.78770523 0.41264737 0.69045018]
  [0.98031731 1.         0.87285223 0.42241277 0.84931249]
  [0.84408923 1.         0.89919817 0.49803501 0.90638538]
  [0.70869617 1.         1.         0.47064428 0.94134489]
  [0.44530598 1.         0.91160748 0.75169703 0.94134489]
  [0.44053441 1.         0.8403971  0.81124211 0.94134489]
  [0.32852201 1.         0.72432226 1.         0.94929365]
  [0.39615889 1.         0.64471172 0.96629749 1.        ]]

 [[0.52379816 0.57522594 0.88583429 0.47290699 0.33314525]
  [0.58797567 0.57522594 0.88583429 0.7811123  0.32956054]
  [0.46057497 0.53021442 0.88583429 0.68226748 0.31900558]
  [0.1174997  0.53021442 0.2325315  0.47731333 0.31927111]
  [0.2056543  0.53021442 0.2325315  0.62724783 0.31927111]
  [0.26458308 0.50451887 0.2325315  0.79337859 0.31927111]
  [0.32983419 0.48130427 0.2325315  0.76122425 0.28986325]
  [0.30335202 0.21229842 0.2325315  0.57472907 0.21143123]
  [0.23559585 0.20255183 0.2325315  0.60724068 0.10508497]
  [0.02135274 0.05706185 0.2325315  0.31535072 0.04089219]
  [0.         0.05706185 0.         0.08717399 0.03418747]
  [0.40450913 0.05706185 0.         0.21817316 0.03418747]
  [0.29547895 0.05706185 0.         0.3772776  0.03418747]
  [0.33436717 0.         0.         0.13695367 0.01540096]
  [0.4026005  0.         0.         0.21507681 0.        ]
  [0.42276035 0.13468013 0.         0.20936049 0.02034652]
  [0.54049863 0.13468013 0.         0.01714898 0.14690653]
  [0.58725993 0.3973064  0.2172585  0.         0.26155072]
  [0.67935107 0.46039341 0.53760977 0.41729189 0.26155072]
  [0.81152332 0.58195995 0.57579229 0.23615577 0.26155072]
  [0.97864726 0.85309233 0.68270332 0.27628915 0.40616702]
  [1.         0.85309233 0.78770523 0.41264737 0.60833776]
  [0.98031731 1.         0.87285223 0.42241277 0.74830722]
  [0.84408923 1.         0.89919817 0.49803501 0.79859267]
  [0.70869617 1.         1.         0.47064428 0.82939458]
  [0.44530598 1.         0.91160748 0.75169703 0.82939458]
  [0.44053441 1.         0.8403971  0.81124211 0.82939458]
  [0.32852201 1.         0.72432226 1.         0.83639804]
  [0.39615889 1.         0.64471172 0.96629749 0.88107408]
  [0.44876536 0.92096403 0.64471172 0.98773371 1.        ]]

 [[0.58797567 0.57522594 0.88583429 0.7811123  0.30320335]
  [0.46057497 0.53021442 0.88583429 0.68226748 0.29349253]
  [0.1174997  0.53021442 0.2325315  0.47731333 0.29373683]
  [0.2056543  0.53021442 0.2325315  0.62724783 0.29373683]
  [0.26458308 0.50451887 0.2325315  0.79337859 0.29373683]
  [0.32983419 0.48130427 0.2325315  0.76122425 0.26668092]
  [0.30335202 0.21229842 0.2325315  0.57472907 0.19452164]
  [0.23559585 0.20255183 0.2325315  0.60724068 0.09668061]
  [0.02135274 0.05706185 0.2325315  0.31535072 0.03762177]
  [0.         0.05706185 0.         0.08717399 0.03145326]
  [0.40450913 0.05706185 0.         0.21817316 0.03145326]
  [0.29547895 0.05706185 0.         0.3772776  0.03145326]
  [0.33436717 0.         0.         0.13695367 0.01416924]
  [0.4026005  0.         0.         0.21507681 0.        ]
  [0.42276035 0.13468013 0.         0.20936049 0.01871927]
  [0.54049863 0.13468013 0.         0.01714898 0.13515742]
  [0.58725993 0.3973064  0.2172585  0.         0.24063273]
  [0.67935107 0.46039341 0.53760977 0.41729189 0.24063273]
  [0.81152332 0.58195995 0.57579229 0.23615577 0.24063273]
  [0.97864726 0.85309233 0.68270332 0.27628915 0.37368309]
  [1.         0.85309233 0.78770523 0.41264737 0.55968486]
  [0.98031731 1.         0.87285223 0.42241277 0.68846001]
  [0.84408923 1.         0.89919817 0.49803501 0.73472379]
  [0.70869617 1.         1.         0.47064428 0.76306227]
  [0.44530598 1.         0.91160748 0.75169703 0.76306227]
  [0.44053441 1.         0.8403971  0.81124211 0.76306227]
  [0.32852201 1.         0.72432226 1.         0.7695056 ]
  [0.39615889 1.         0.64471172 0.96629749 0.81060861]
  [0.44876536 0.92096403 0.64471172 0.98773371 0.92002321]
  [0.31241799 0.61846536 0.64471172 0.8331547  1.        ]]

 [[0.46057497 0.53021442 0.88583429 0.68226748 0.29349253]
  [0.1174997  0.53021442 0.2325315  0.47731333 0.29373683]
  [0.2056543  0.53021442 0.2325315  0.62724783 0.29373683]
  [0.26458308 0.50451887 0.2325315  0.79337859 0.29373683]
  [0.32983419 0.48130427 0.2325315  0.76122425 0.26668092]
  [0.30335202 0.21229842 0.2325315  0.57472907 0.19452164]
  [0.23559585 0.20255183 0.2325315  0.60724068 0.09668061]
  [0.02135274 0.05706185 0.2325315  0.31535072 0.03762177]
  [0.         0.05706185 0.         0.08717399 0.03145326]
  [0.40450913 0.05706185 0.         0.21817316 0.03145326]
  [0.29547895 0.05706185 0.         0.3772776  0.03145326]
  [0.33436717 0.         0.         0.13695367 0.01416924]
  [0.4026005  0.         0.         0.21507681 0.        ]
  [0.42276035 0.13468013 0.         0.20936049 0.01871927]
  [0.54049863 0.13468013 0.         0.01714898 0.13515742]
  [0.58725993 0.3973064  0.2172585  0.         0.24063273]
  [0.67935107 0.46039341 0.53760977 0.41729189 0.24063273]
  [0.81152332 0.58195995 0.57579229 0.23615577 0.24063273]
  [0.97864726 0.85309233 0.68270332 0.27628915 0.37368309]
  [1.         0.85309233 0.78770523 0.41264737 0.55968486]
  [0.98031731 1.         0.87285223 0.42241277 0.68846001]
  [0.84408923 1.         0.89919817 0.49803501 0.73472379]
  [0.70869617 1.         1.         0.47064428 0.76306227]
  [0.44530598 1.         0.91160748 0.75169703 0.76306227]
  [0.44053441 1.         0.8403971  0.81124211 0.76306227]
  [0.32852201 1.         0.72432226 1.         0.7695056 ]
  [0.39615889 1.         0.64471172 0.96629749 0.81060861]
  [0.44876536 0.92096403 0.64471172 0.98773371 0.92002321]
  [0.31241799 0.61846536 0.64471172 0.8331547  1.        ]
  [0.23965168 0.4155591  0.56949217 0.66178397 0.95779766]]

 [[0.46057497 0.53021442 0.88583429 0.68226748 0.29373683]
  [0.1174997  0.53021442 0.2325315  0.47731333 0.29373683]
  [0.2056543  0.53021442 0.2325315  0.62724783 0.29373683]
  [0.26458308 0.50451887 0.2325315  0.79337859 0.26668092]
  [0.32983419 0.48130427 0.2325315  0.76122425 0.19452164]
  [0.30335202 0.21229842 0.2325315  0.57472907 0.09668061]
  [0.23559585 0.20255183 0.2325315  0.60724068 0.03762177]
  [0.02135274 0.05706185 0.2325315  0.31535072 0.03145326]
  [0.         0.05706185 0.         0.08717399 0.03145326]
  [0.40450913 0.05706185 0.         0.21817316 0.03145326]
  [0.29547895 0.05706185 0.         0.3772776  0.01416924]
  [0.33436717 0.         0.         0.13695367 0.        ]
  [0.4026005  0.         0.         0.21507681 0.01871927]
  [0.42276035 0.13468013 0.         0.20936049 0.13515742]
  [0.54049863 0.13468013 0.         0.01714898 0.24063273]
  [0.58725993 0.3973064  0.2172585  0.         0.24063273]
  [0.67935107 0.46039341 0.53760977 0.41729189 0.24063273]
  [0.81152332 0.58195995 0.57579229 0.23615577 0.37368309]
  [0.97864726 0.85309233 0.68270332 0.27628915 0.55968486]
  [1.         0.85309233 0.78770523 0.41264737 0.68846001]
  [0.98031731 1.         0.87285223 0.42241277 0.73472379]
  [0.84408923 1.         0.89919817 0.49803501 0.76306227]
  [0.70869617 1.         1.         0.47064428 0.76306227]
  [0.44530598 1.         0.91160748 0.75169703 0.76306227]
  [0.44053441 1.         0.8403971  0.81124211 0.7695056 ]
  [0.32852201 1.         0.72432226 1.         0.81060861]
  [0.39615889 1.         0.64471172 0.96629749 0.92002321]
  [0.44876536 0.92096403 0.64471172 0.98773371 1.        ]
  [0.31241799 0.61846536 0.64471172 0.8331547  0.95779766]
  [0.23965168 0.4155591  0.56949217 0.66178397 0.95779766]]

 [[0.46057497 0.53021442 0.88583429 0.68226748 0.29373683]
  [0.1174997  0.53021442 0.2325315  0.47731333 0.29373683]
  [0.2056543  0.53021442 0.2325315  0.62724783 0.26668092]
  [0.26458308 0.50451887 0.2325315  0.79337859 0.19452164]
  [0.32983419 0.48130427 0.2325315  0.76122425 0.09668061]
  [0.30335202 0.21229842 0.2325315  0.57472907 0.03762177]
  [0.23559585 0.20255183 0.2325315  0.60724068 0.03145326]
  [0.02135274 0.05706185 0.2325315  0.31535072 0.03145326]
  [0.         0.05706185 0.         0.08717399 0.03145326]
  [0.40450913 0.05706185 0.         0.21817316 0.01416924]
  [0.29547895 0.05706185 0.         0.3772776  0.        ]
  [0.33436717 0.         0.         0.13695367 0.01871927]
  [0.4026005  0.         0.         0.21507681 0.13515742]
  [0.42276035 0.13468013 0.         0.20936049 0.24063273]
  [0.54049863 0.13468013 0.         0.01714898 0.24063273]
  [0.58725993 0.3973064  0.2172585  0.         0.24063273]
  [0.67935107 0.46039341 0.53760977 0.41729189 0.37368309]
  [0.81152332 0.58195995 0.57579229 0.23615577 0.55968486]
  [0.97864726 0.85309233 0.68270332 0.27628915 0.68846001]
  [1.         0.85309233 0.78770523 0.41264737 0.73472379]
  [0.98031731 1.         0.87285223 0.42241277 0.76306227]
  [0.84408923 1.         0.89919817 0.49803501 0.76306227]
  [0.70869617 1.         1.         0.47064428 0.76306227]
  [0.44530598 1.         0.91160748 0.75169703 0.7695056 ]
  [0.44053441 1.         0.8403971  0.81124211 0.81060861]
  [0.32852201 1.         0.72432226 1.         0.92002321]
  [0.39615889 1.         0.64471172 0.96629749 1.        ]
  [0.44876536 0.92096403 0.64471172 0.98773371 0.95779766]
  [0.31241799 0.61846536 0.64471172 0.8331547  0.95779766]
  [0.23965168 0.4155591  0.56949217 0.66178397 0.95779766]]]
(10, 30, 6)
(10,)
(10, 30, 5)
